[debug] [2024-12-22T02:04:43.223Z] ----------------------------------------------------------------------
[debug] [2024-12-22T02:04:43.230Z] Command:       /opt/homebrew/Cellar/node/23.1.0_1/bin/node /Users/njerimain/.npm-global/bin/firebase init
[debug] [2024-12-22T02:04:43.230Z] CLI Version:   13.29.1
[debug] [2024-12-22T02:04:43.230Z] Platform:      darwin
[debug] [2024-12-22T02:04:43.230Z] Node Version:  v23.1.0
[debug] [2024-12-22T02:04:43.231Z] Time:          Sat Dec 21 2024 18:04:43 GMT-0800 (Pacific Standard Time)
[debug] [2024-12-22T02:04:43.231Z] ----------------------------------------------------------------------
[debug] 
[debug] [2024-12-22T02:04:43.236Z] > command requires scopes: ["email","openid","https://www.googleapis.com/auth/cloudplatformprojects.readonly","https://www.googleapis.com/auth/firebase","https://www.googleapis.com/auth/cloud-platform"]
[debug] [2024-12-22T02:04:43.237Z] > authorizing via signed-in user (joymwenjwa@gmail.com)
[info] 
     ######## #### ########  ######## ########     ###     ######  ########
     ##        ##  ##     ## ##       ##     ##  ##   ##  ##       ##
     ######    ##  ########  ######   ########  #########  ######  ######
     ##        ##  ##    ##  ##       ##     ## ##     ##       ## ##
     ##       #### ##     ## ######## ########  ##     ##  ######  ########

You're about to initialize a Firebase project in this directory:

  /Users/njerimain/Documents/MINERVA/CAPSTONE/GOHub

[info] 
=== Project Setup
[info] 
[info] First, let's associate this project directory with a Firebase project.
[info] You can create multiple project aliases by running firebase use --add, 
[info] but for now we'll just set up a default project.
[info] 
[debug] [2024-12-22T02:04:52.746Z] Checked if tokens are valid: true, expires at: 1734836559214
[debug] [2024-12-22T02:04:52.746Z] Checked if tokens are valid: true, expires at: 1734836559214
[debug] [2024-12-22T02:04:52.747Z] >>> [apiv2][query] GET https://firebase.googleapis.com/v1beta1/projects pageSize=100
[debug] [2024-12-22T02:04:53.240Z] <<< [apiv2][status] GET https://firebase.googleapis.com/v1beta1/projects 200
[debug] [2024-12-22T02:04:53.240Z] <<< [apiv2][body] GET https://firebase.googleapis.com/v1beta1/projects [omitted]
[info] i  Using project gohub-92b6b (GOHub) 
[info] 
=== Firestore Setup
[debug] [2024-12-22T02:04:54.231Z] Checked if tokens are valid: true, expires at: 1734836559214
[debug] [2024-12-22T02:04:54.231Z] Checked if tokens are valid: true, expires at: 1734836559214
[debug] [2024-12-22T02:04:54.231Z] >>> [apiv2][query] GET https://serviceusage.googleapis.com/v1/projects/gohub-92b6b/services/firestore.googleapis.com [none]
[debug] [2024-12-22T02:04:54.231Z] >>> [apiv2][(partial)header] GET https://serviceusage.googleapis.com/v1/projects/gohub-92b6b/services/firestore.googleapis.com x-goog-quota-user=projects/gohub-92b6b
[debug] [2024-12-22T02:04:54.695Z] <<< [apiv2][status] GET https://serviceusage.googleapis.com/v1/projects/gohub-92b6b/services/firestore.googleapis.com 200
[debug] [2024-12-22T02:04:54.695Z] <<< [apiv2][body] GET https://serviceusage.googleapis.com/v1/projects/gohub-92b6b/services/firestore.googleapis.com [omitted]
[debug] [2024-12-22T02:04:54.696Z] Checked if tokens are valid: true, expires at: 1734836559214
[debug] [2024-12-22T02:04:54.696Z] Checked if tokens are valid: true, expires at: 1734836559214
[debug] [2024-12-22T02:04:54.696Z] >>> [apiv2][query] GET https://firestore.googleapis.com/v1/projects/gohub-92b6b/databases/(default) [none]
[debug] [2024-12-22T02:04:55.188Z] <<< [apiv2][status] GET https://firestore.googleapis.com/v1/projects/gohub-92b6b/databases/(default) 200
[debug] [2024-12-22T02:04:55.189Z] <<< [apiv2][body] GET https://firestore.googleapis.com/v1/projects/gohub-92b6b/databases/(default) {"name":"projects/gohub-92b6b/databases/(default)","uid":"8eee8489-10b8-4bdd-95b9-11cd195f9aa3","createTime":"2024-12-22T02:04:23.365924Z","updateTime":"2024-12-22T02:04:23.365924Z","locationId":"nam5","type":"FIRESTORE_NATIVE","concurrencyMode":"PESSIMISTIC","versionRetentionPeriod":"3600s","earliestVersionTime":"2024-12-22T02:04:23.365924Z","appEngineIntegrationMode":"DISABLED","keyPrefix":"s","pointInTimeRecoveryEnablement":"POINT_IN_TIME_RECOVERY_DISABLED","deleteProtectionState":"DELETE_PROTECTION_DISABLED","etag":"IKHUjPOkuooDMKSa8uOkuooD"}
[debug] [2024-12-22T02:04:55.189Z] database_type: FIRESTORE_NATIVE
[debug] [2024-12-22T02:04:55.189Z] database_type: FIRESTORE_NATIVE
[debug] [2024-12-22T02:04:55.190Z] > command requires scopes: ["email","openid","https://www.googleapis.com/auth/cloudplatformprojects.readonly","https://www.googleapis.com/auth/firebase","https://www.googleapis.com/auth/cloud-platform"]
[debug] [2024-12-22T02:04:55.191Z] > authorizing via signed-in user (joymwenjwa@gmail.com)
[debug] [2024-12-22T02:04:55.191Z] [iam] checking project gohub-92b6b for permissions ["firebase.projects.get"]
[debug] [2024-12-22T02:04:55.192Z] Checked if tokens are valid: true, expires at: 1734836559214
[debug] [2024-12-22T02:04:55.192Z] Checked if tokens are valid: true, expires at: 1734836559214
[debug] [2024-12-22T02:04:55.192Z] >>> [apiv2][query] POST https://cloudresourcemanager.googleapis.com/v1/projects/gohub-92b6b:testIamPermissions [none]
[debug] [2024-12-22T02:04:55.192Z] >>> [apiv2][(partial)header] POST https://cloudresourcemanager.googleapis.com/v1/projects/gohub-92b6b:testIamPermissions x-goog-quota-user=projects/gohub-92b6b
[debug] [2024-12-22T02:04:55.192Z] >>> [apiv2][body] POST https://cloudresourcemanager.googleapis.com/v1/projects/gohub-92b6b:testIamPermissions {"permissions":["firebase.projects.get"]}
[debug] [2024-12-22T02:04:55.600Z] <<< [apiv2][status] POST https://cloudresourcemanager.googleapis.com/v1/projects/gohub-92b6b:testIamPermissions 200
[debug] [2024-12-22T02:04:55.601Z] <<< [apiv2][body] POST https://cloudresourcemanager.googleapis.com/v1/projects/gohub-92b6b:testIamPermissions {"permissions":["firebase.projects.get"]}
[info] 
[info] Firestore Security Rules allow you to define how and when to allow
[info] requests. You can keep these rules in your project directory
[info] and publish them with firebase deploy.
[info] 
[debug] [2024-12-22T02:05:04.948Z] Checked if tokens are valid: true, expires at: 1734836559214
[debug] [2024-12-22T02:05:04.949Z] Checked if tokens are valid: true, expires at: 1734836559214
[debug] [2024-12-22T02:05:04.949Z] >>> [apiv2][query] GET https://firebaserules.googleapis.com/v1/projects/gohub-92b6b/releases pageSize=10&pageToken=
[debug] [2024-12-22T02:05:05.413Z] <<< [apiv2][status] GET https://firebaserules.googleapis.com/v1/projects/gohub-92b6b/releases 200
[debug] [2024-12-22T02:05:05.413Z] <<< [apiv2][body] GET https://firebaserules.googleapis.com/v1/projects/gohub-92b6b/releases {"releases":[{"name":"projects/gohub-92b6b/releases/cloud.firestore","rulesetName":"projects/gohub-92b6b/rulesets/d2f785fe-d095-45f9-9eae-69f0ee8f986f","createTime":"2024-12-22T02:04:24.929368Z","updateTime":"2024-12-22T02:04:24.929368Z"}]}
[debug] [2024-12-22T02:05:05.414Z] Found ruleset: projects/gohub-92b6b/rulesets/d2f785fe-d095-45f9-9eae-69f0ee8f986f
[debug] [2024-12-22T02:05:05.414Z] Checked if tokens are valid: true, expires at: 1734836559214
[debug] [2024-12-22T02:05:05.414Z] Checked if tokens are valid: true, expires at: 1734836559214
[debug] [2024-12-22T02:05:05.414Z] >>> [apiv2][query] GET https://firebaserules.googleapis.com/v1/projects/gohub-92b6b/rulesets/d2f785fe-d095-45f9-9eae-69f0ee8f986f [none]
[debug] [2024-12-22T02:05:05.539Z] <<< [apiv2][status] GET https://firebaserules.googleapis.com/v1/projects/gohub-92b6b/rulesets/d2f785fe-d095-45f9-9eae-69f0ee8f986f 200
[debug] [2024-12-22T02:05:05.540Z] <<< [apiv2][body] GET https://firebaserules.googleapis.com/v1/projects/gohub-92b6b/rulesets/d2f785fe-d095-45f9-9eae-69f0ee8f986f [omitted]
[info] 
[info] Firestore indexes allow you to perform complex queries while
[info] maintaining performance that scales with the size of the result
[info] set. You can keep index definitions in your project directory
[info] and publish them with firebase deploy.
[info] 
[debug] [2024-12-22T02:05:09.622Z] Checked if tokens are valid: true, expires at: 1734836559214
[debug] [2024-12-22T02:05:09.622Z] Checked if tokens are valid: true, expires at: 1734836559214
[debug] [2024-12-22T02:05:09.622Z] Checked if tokens are valid: true, expires at: 1734836559214
[debug] [2024-12-22T02:05:09.622Z] Checked if tokens are valid: true, expires at: 1734836559214
[debug] [2024-12-22T02:05:09.623Z] >>> [apiv2][query] GET https://firestore.googleapis.com/v1/projects/gohub-92b6b/databases/(default)/collectionGroups/-/indexes [none]
[debug] [2024-12-22T02:05:09.627Z] >>> [apiv2][query] GET https://firestore.googleapis.com/v1/projects/gohub-92b6b/databases/(default)/collectionGroups/-/fields?filter=indexConfig.usesAncestorConfig=false OR ttlConfig:* [none]
[debug] [2024-12-22T02:05:10.088Z] <<< [apiv2][status] GET https://firestore.googleapis.com/v1/projects/gohub-92b6b/databases/(default)/collectionGroups/-/indexes 200
[debug] [2024-12-22T02:05:10.089Z] <<< [apiv2][body] GET https://firestore.googleapis.com/v1/projects/gohub-92b6b/databases/(default)/collectionGroups/-/indexes {}
[debug] [2024-12-22T02:05:10.480Z] <<< [apiv2][status] GET https://firestore.googleapis.com/v1/projects/gohub-92b6b/databases/(default)/collectionGroups/-/fields?filter=indexConfig.usesAncestorConfig=false OR ttlConfig:* 200
[debug] [2024-12-22T02:05:10.480Z] <<< [apiv2][body] GET https://firestore.googleapis.com/v1/projects/gohub-92b6b/databases/(default)/collectionGroups/-/fields?filter=indexConfig.usesAncestorConfig=false OR ttlConfig:* {"fields":[{"name":"projects/gohub-92b6b/databases/(default)/collectionGroups/__default__/fields/*","indexConfig":{"indexes":[{"queryScope":"COLLECTION","fields":[{"fieldPath":"*","order":"ASCENDING"}],"state":"READY"},{"queryScope":"COLLECTION","fields":[{"fieldPath":"*","order":"DESCENDING"}],"state":"READY"},{"queryScope":"COLLECTION","fields":[{"fieldPath":"*","arrayConfig":"CONTAINS"}],"state":"READY"}]}}]}
[info] 
=== Functions Setup
[debug] [2024-12-22T02:05:10.483Z] > command requires scopes: ["email","openid","https://www.googleapis.com/auth/cloudplatformprojects.readonly","https://www.googleapis.com/auth/firebase","https://www.googleapis.com/auth/cloud-platform"]
[debug] [2024-12-22T02:05:10.483Z] > authorizing via signed-in user (joymwenjwa@gmail.com)
[debug] [2024-12-22T02:05:10.483Z] [iam] checking project gohub-92b6b for permissions ["firebase.projects.get"]
[debug] [2024-12-22T02:05:10.483Z] Checked if tokens are valid: true, expires at: 1734836559214
[debug] [2024-12-22T02:05:10.483Z] Checked if tokens are valid: true, expires at: 1734836559214
[debug] [2024-12-22T02:05:10.484Z] >>> [apiv2][query] POST https://cloudresourcemanager.googleapis.com/v1/projects/gohub-92b6b:testIamPermissions [none]
[debug] [2024-12-22T02:05:10.484Z] >>> [apiv2][(partial)header] POST https://cloudresourcemanager.googleapis.com/v1/projects/gohub-92b6b:testIamPermissions x-goog-quota-user=projects/gohub-92b6b
[debug] [2024-12-22T02:05:10.484Z] >>> [apiv2][body] POST https://cloudresourcemanager.googleapis.com/v1/projects/gohub-92b6b:testIamPermissions {"permissions":["firebase.projects.get"]}
[debug] [2024-12-22T02:05:10.868Z] <<< [apiv2][status] POST https://cloudresourcemanager.googleapis.com/v1/projects/gohub-92b6b:testIamPermissions 200
[debug] [2024-12-22T02:05:10.869Z] <<< [apiv2][body] POST https://cloudresourcemanager.googleapis.com/v1/projects/gohub-92b6b:testIamPermissions {"permissions":["firebase.projects.get"]}
[debug] [2024-12-22T02:05:10.869Z] Checked if tokens are valid: true, expires at: 1734836559214
[debug] [2024-12-22T02:05:10.869Z] Checked if tokens are valid: true, expires at: 1734836559214
[debug] [2024-12-22T02:05:10.870Z] Checked if tokens are valid: true, expires at: 1734836559214
[debug] [2024-12-22T02:05:10.870Z] Checked if tokens are valid: true, expires at: 1734836559214
[debug] [2024-12-22T02:05:10.870Z] >>> [apiv2][query] GET https://serviceusage.googleapis.com/v1/projects/gohub-92b6b/services/cloudfunctions.googleapis.com [none]
[debug] [2024-12-22T02:05:10.870Z] >>> [apiv2][(partial)header] GET https://serviceusage.googleapis.com/v1/projects/gohub-92b6b/services/cloudfunctions.googleapis.com x-goog-quota-user=projects/gohub-92b6b
[debug] [2024-12-22T02:05:10.874Z] >>> [apiv2][query] GET https://serviceusage.googleapis.com/v1/projects/gohub-92b6b/services/runtimeconfig.googleapis.com [none]
[debug] [2024-12-22T02:05:10.874Z] >>> [apiv2][(partial)header] GET https://serviceusage.googleapis.com/v1/projects/gohub-92b6b/services/runtimeconfig.googleapis.com x-goog-quota-user=projects/gohub-92b6b
[debug] [2024-12-22T02:05:11.317Z] <<< [apiv2][status] GET https://serviceusage.googleapis.com/v1/projects/gohub-92b6b/services/cloudfunctions.googleapis.com 200
[debug] [2024-12-22T02:05:11.318Z] <<< [apiv2][body] GET https://serviceusage.googleapis.com/v1/projects/gohub-92b6b/services/cloudfunctions.googleapis.com [omitted]
[debug] [2024-12-22T02:05:11.318Z] Checked if tokens are valid: true, expires at: 1734836559214
[debug] [2024-12-22T02:05:11.318Z] Checked if tokens are valid: true, expires at: 1734836559214
[debug] [2024-12-22T02:05:11.318Z] >>> [apiv2][query] POST https://serviceusage.googleapis.com/v1/projects/gohub-92b6b/services/cloudfunctions.googleapis.com:enable [none]
[debug] [2024-12-22T02:05:11.318Z] >>> [apiv2][(partial)header] POST https://serviceusage.googleapis.com/v1/projects/gohub-92b6b/services/cloudfunctions.googleapis.com:enable x-goog-quota-user=projects/gohub-92b6b
[debug] [2024-12-22T02:05:11.320Z] <<< [apiv2][status] GET https://serviceusage.googleapis.com/v1/projects/gohub-92b6b/services/runtimeconfig.googleapis.com 200
[debug] [2024-12-22T02:05:11.320Z] <<< [apiv2][body] GET https://serviceusage.googleapis.com/v1/projects/gohub-92b6b/services/runtimeconfig.googleapis.com [omitted]
[debug] [2024-12-22T02:05:11.727Z] <<< [apiv2][status] POST https://serviceusage.googleapis.com/v1/projects/gohub-92b6b/services/cloudfunctions.googleapis.com:enable 200
[debug] [2024-12-22T02:05:11.727Z] <<< [apiv2][body] POST https://serviceusage.googleapis.com/v1/projects/gohub-92b6b/services/cloudfunctions.googleapis.com:enable [omitted]
[debug] [2024-12-22T02:05:21.731Z] Checked if tokens are valid: true, expires at: 1734836559214
[debug] [2024-12-22T02:05:21.732Z] Checked if tokens are valid: true, expires at: 1734836559214
[debug] [2024-12-22T02:05:21.732Z] >>> [apiv2][query] GET https://serviceusage.googleapis.com/v1/projects/gohub-92b6b/services/cloudfunctions.googleapis.com [none]
[debug] [2024-12-22T02:05:21.732Z] >>> [apiv2][(partial)header] GET https://serviceusage.googleapis.com/v1/projects/gohub-92b6b/services/cloudfunctions.googleapis.com x-goog-quota-user=projects/gohub-92b6b
[debug] [2024-12-22T02:05:22.166Z] <<< [apiv2][status] GET https://serviceusage.googleapis.com/v1/projects/gohub-92b6b/services/cloudfunctions.googleapis.com 200
[debug] [2024-12-22T02:05:22.167Z] <<< [apiv2][body] GET https://serviceusage.googleapis.com/v1/projects/gohub-92b6b/services/cloudfunctions.googleapis.com [omitted]
[info] Let's create a new codebase for your functions.
[info] A directory corresponding to the codebase will be created in your project
[info] with sample code pre-configured.

[info] See https://firebase.google.com/docs/functions/organize-functions for
[info] more information on organizing your functions using codebases.

[info] Functions can be deployed with firebase deploy.

[info] ✔  Wrote functions/requirements.txt 
[info] ✔  Wrote functions/.gitignore 
[info] ✔  Wrote functions/main.py 
[debug] [2024-12-22T02:06:51.215Z] Running command with virtualenv: command=., args=["\"/Users/njerimain/Documents/MINERVA/CAPSTONE/GOHub/functions/venv/bin/activate\"","&&","pip3","install","--upgrade","pip"]
[debug] [2024-12-22T02:06:51.234Z] Running command with virtualenv: command=., args=["\"/Users/njerimain/Documents/MINERVA/CAPSTONE/GOHub/functions/venv/bin/activate\"","&&","python3.12","-m","pip","install","-r","requirements.txt"]
[info] 
=== Hosting Setup
[debug] [2024-12-22T02:06:51.243Z] Checked if tokens are valid: true, expires at: 1734836559214
[debug] [2024-12-22T02:06:51.243Z] Checked if tokens are valid: true, expires at: 1734836559214
[debug] [2024-12-22T02:06:51.243Z] >>> [apiv2][query] GET https://firebase.googleapis.com/v1beta1/projects/gohub-92b6b [none]
[debug] [2024-12-22T02:06:51.652Z] <<< [apiv2][status] GET https://firebase.googleapis.com/v1beta1/projects/gohub-92b6b 200
[debug] [2024-12-22T02:06:51.652Z] <<< [apiv2][body] GET https://firebase.googleapis.com/v1beta1/projects/gohub-92b6b {"projectId":"gohub-92b6b","projectNumber":"607773298065","displayName":"GOHub","name":"projects/gohub-92b6b","resources":{"hostingSite":"gohub-92b6b"},"state":"ACTIVE","etag":"1_32a705ae-4249-4786-8fab-04ba0c9c24e9"}
[info] 
[info] Your public directory is the folder (relative to your project directory) that
[info] will contain Hosting assets to be uploaded with firebase deploy. If you
[info] have a build process for your assets, use your build's output directory.
[info] 
